<html>
<head>
<title>TestNG:  Surefire test</title>
<link href="../testng.css" rel="stylesheet" type="text/css" />
<link href="../my-testng.css" rel="stylesheet" type="text/css" />

<style type="text/css">
.log { display: none;} 
.stack-trace { display: none;} 
</style>
<script type="text/javascript">
<!--
function flip(e) {
  current = e.style.display;
  if (current == 'block') {
    e.style.display = 'none';
    return 0;
  }
  else {
    e.style.display = 'block';
    return 1;
  }
}

function toggleBox(szDivId, elem, msg1, msg2)
{
  var res = -1;  if (document.getElementById) {
    res = flip(document.getElementById(szDivId));
  }
  else if (document.all) {
    // this is the way old msie versions work
    res = flip(document.all[szDivId]);
  }
  if(elem) {
    if(res == 0) elem.innerHTML = msg1; else elem.innerHTML = msg2;
  }

}

function toggleAllBoxes() {
  if (document.getElementsByTagName) {
    d = document.getElementsByTagName('div');
    for (i = 0; i < d.length; i++) {
      if (d[i].className == 'log') {
        flip(d[i]);
      }
    }
  }
}

// -->
</script>

</head>
<body>
<h2 align='center'>Surefire test</h2><table border='1' align="center">
<tr>
<td>Tests passed/Failed/Skipped:</td><td>15/4/0</td>
</tr><tr>
<td>Started on:</td><td>Mon Dec 26 08:56:11 EET 2022</td>
</tr>
<tr><td>Total time:</td><td>77 seconds (77580 ms)</td>
</tr><tr>
<td>Included groups:</td><td></td>
</tr><tr>
<td>Excluded groups:</td><td></td>
</tr>
</table><p/>
<small><i>(Hover the method name to see the test class name)</i></small><p/>
<table width='100%' border='1' class='invocation-failed'>
<tr><td colspan='4' align='center'><b>FAILED TESTS</b></td></tr>
<tr><td><b>Test method</b></td>
<td><b>Attribute(s)</b></td>
<td width="30%"><b>Exception</b></td>
<td width="10%"><b>Time (seconds)</b></td>
<td><b>Instance</b></td>
</tr>
<tr>
<td title='runner.TestRunner.runScenario()'><b>runScenario</b><br>Test class: runner.TestRunner<br>Test method: Runs Cucumber Scenarios<br>Parameters: "user can search by productName", "user search for products"</td>
<td><div><pre>java.lang.AssertionError: The following asserts failed:
	expected [true] but found [false],
	expected [true] but found [false]
	at stepDefinitions.SD04_SearchTest.userShouldFindTheInSearchResult(SD04_SearchTest.java:39)
	at ?.user should find the &quot;book&quot; in search result(file:///C:/Users/dell/Desktop/3abd%20el%208afoor%20el%20bor3y/demonopcommerce/src/main/resources/Features/F04_Search.feature:8)
... Removed 2 stack frames</pre></div><a href='#' onClick='toggleBox("stack-trace873134840", this, "Click to show all stack frames", "Click to hide stack frames")'>Click to show all stack frames</a>
<div class='stack-trace' id='stack-trace873134840'><pre>java.lang.AssertionError: The following asserts failed:
	expected [true] but found [false],
	expected [true] but found [false]
	at org.testng.asserts.SoftAssert.assertAll(SoftAssert.java:46)
	at org.testng.asserts.SoftAssert.assertAll(SoftAssert.java:30)
	at stepDefinitions.SD04_SearchTest.userShouldFindTheInSearchResult(SD04_SearchTest.java:39)
	at ?.user should find the &quot;book&quot; in search result(file:///C:/Users/dell/Desktop/3abd%20el%208afoor%20el%20bor3y/demonopcommerce/src/main/resources/Features/F04_Search.feature:8)
</pre></div></td>
<td>3</td>
<td>runner.TestRunner@4b5a5ed1</td></tr>
<tr>
<td title='runner.TestRunner.runScenario()'><b>runScenario</b><br>Test class: runner.TestRunner<br>Test method: Runs Cucumber Scenarios<br>Parameters: "first slider on home page is clickable", "user could click on ads at HomeSlider"</td>
<td><div><pre>java.lang.AssertionError: The following asserts failed:
	expected [https://demo.nopcommerce.com/nokia-lumia-1020] but found [https://demo.nopcommerce.com/]
	at stepDefinitions.SD06_HomeSliderTest.userIsBeNavigatedToTheFirstProductSuccessfully(SD06_HomeSliderTest.java:23)
	at ?.user is be navigated to the first product successfully(file:///C:/Users/dell/Desktop/3abd%20el%208afoor%20el%20bor3y/demonopcommerce/src/main/resources/Features/F06_HomeSliders.feature:6)
... Removed 2 stack frames</pre></div><a href='#' onClick='toggleBox("stack-trace545851930", this, "Click to show all stack frames", "Click to hide stack frames")'>Click to show all stack frames</a>
<div class='stack-trace' id='stack-trace545851930'><pre>java.lang.AssertionError: The following asserts failed:
	expected [https://demo.nopcommerce.com/nokia-lumia-1020] but found [https://demo.nopcommerce.com/]
	at org.testng.asserts.SoftAssert.assertAll(SoftAssert.java:46)
	at org.testng.asserts.SoftAssert.assertAll(SoftAssert.java:30)
	at stepDefinitions.SD06_HomeSliderTest.userIsBeNavigatedToTheFirstProductSuccessfully(SD06_HomeSliderTest.java:23)
	at ?.user is be navigated to the first product successfully(file:///C:/Users/dell/Desktop/3abd%20el%208afoor%20el%20bor3y/demonopcommerce/src/main/resources/Features/F06_HomeSliders.feature:6)
</pre></div></td>
<td>2</td>
<td>runner.TestRunner@4b5a5ed1</td></tr>
<tr>
<td title='runner.TestRunner.runScenario()'><b>runScenario</b><br>Test class: runner.TestRunner<br>Test method: Runs Cucumber Scenarios<br>Parameters: "user opens rss link", "F07_followUs | users could open followUs links"</td>
<td><div><pre>java.lang.AssertionError: expected [https://demo.nopcommerce.com/new-online-store-is-open] but found [https://demo.nopcommerce.com/news/rss/1]
	at stepDefinitions.SD07_FollowUsTest.confirmNewTab(SD07_FollowUsTest.java:36)
	at ?.&quot;https://demo.nopcommerce.com/new-online-store-is-open&quot; is opened in new tab(file:///C:/Users/dell/Desktop/3abd%20el%208afoor%20el%20bor3y/demonopcommerce/src/main/resources/Features/F07_FollowUs.feature:15)
... Removed 6 stack frames</pre></div><a href='#' onClick='toggleBox("stack-trace758843768", this, "Click to show all stack frames", "Click to hide stack frames")'>Click to show all stack frames</a>
<div class='stack-trace' id='stack-trace758843768'><pre>java.lang.AssertionError: expected [https://demo.nopcommerce.com/new-online-store-is-open] but found [https://demo.nopcommerce.com/news/rss/1]
	at org.testng.Assert.fail(Assert.java:110)
	at org.testng.Assert.failNotEquals(Assert.java:1413)
	at org.testng.Assert.assertEqualsImpl(Assert.java:149)
	at org.testng.Assert.assertEquals(Assert.java:131)
	at org.testng.Assert.assertEquals(Assert.java:655)
	at org.testng.Assert.assertEquals(Assert.java:665)
	at stepDefinitions.SD07_FollowUsTest.confirmNewTab(SD07_FollowUsTest.java:36)
	at ?.&quot;https://demo.nopcommerce.com/new-online-store-is-open&quot; is opened in new tab(file:///C:/Users/dell/Desktop/3abd%20el%208afoor%20el%20bor3y/demonopcommerce/src/main/resources/Features/F07_FollowUs.feature:15)
</pre></div></td>
<td>2</td>
<td>runner.TestRunner@4b5a5ed1</td></tr>
<tr>
<td title='runner.TestRunner.runScenario()'><b>runScenario</b><br>Test class: runner.TestRunner<br>Test method: Runs Cucumber Scenarios<br>Parameters: "second slider on home page is clickable", "user could click on ads at HomeSlider"</td>
<td><div><pre>java.lang.AssertionError: The following asserts failed:
	expected [https://demo.nopcommerce.com/iphone-6] but found [https://demo.nopcommerce.com/]
	at stepDefinitions.SD06_HomeSliderTest.userIsBeNavigatedToTheSecondProductSuccessfully(SD06_HomeSliderTest.java:37)
	at ?.user is be navigated to the second product successfully(file:///C:/Users/dell/Desktop/3abd%20el%208afoor%20el%20bor3y/demonopcommerce/src/main/resources/Features/F06_HomeSliders.feature:11)
... Removed 2 stack frames</pre></div><a href='#' onClick='toggleBox("stack-trace541789959", this, "Click to show all stack frames", "Click to hide stack frames")'>Click to show all stack frames</a>
<div class='stack-trace' id='stack-trace541789959'><pre>java.lang.AssertionError: The following asserts failed:
	expected [https://demo.nopcommerce.com/iphone-6] but found [https://demo.nopcommerce.com/]
	at org.testng.asserts.SoftAssert.assertAll(SoftAssert.java:46)
	at org.testng.asserts.SoftAssert.assertAll(SoftAssert.java:30)
	at stepDefinitions.SD06_HomeSliderTest.userIsBeNavigatedToTheSecondProductSuccessfully(SD06_HomeSliderTest.java:37)
	at ?.user is be navigated to the second product successfully(file:///C:/Users/dell/Desktop/3abd%20el%208afoor%20el%20bor3y/demonopcommerce/src/main/resources/Features/F06_HomeSliders.feature:11)
</pre></div></td>
<td>3</td>
<td>runner.TestRunner@4b5a5ed1</td></tr>
</table><p>
<table width='100%' border='1' class='invocation-passed'>
<tr><td colspan='4' align='center'><b>PASSED TESTS</b></td></tr>
<tr><td><b>Test method</b></td>
<td><b>Attribute(s)</b></td>
<td width="30%"><b>Exception</b></td>
<td width="10%"><b>Time (seconds)</b></td>
<td><b>Instance</b></td>
</tr>
<tr>
<td title='runner.TestRunner.runScenario()'><b>runScenario</b><br>Test class: runner.TestRunner<br>Test method: Runs Cucumber Scenarios<br>Parameters: "user can search by stock keeping unit", "user search for products"</td>
<td></td>
<td>4</td>
<td>runner.TestRunner@4b5a5ed1</td></tr>
<tr>
<td title='runner.TestRunner.runScenario()'><b>runScenario</b><br>Test class: runner.TestRunner<br>Test method: Runs Cucumber Scenarios<br>Parameters: "user check wishlist after adding a product", "user can add products to WishList"</td>
<td></td>
<td>7</td>
<td>runner.TestRunner@4b5a5ed1</td></tr>
<tr>
<td title='runner.TestRunner.runScenario()'><b>runScenario</b><br>Test class: runner.TestRunner<br>Test method: Runs Cucumber Scenarios<br>Parameters: "user can search by productName", "user search for products"</td>
<td></td>
<td>2</td>
<td>runner.TestRunner@4b5a5ed1</td></tr>
<tr>
<td title='runner.TestRunner.runScenario()'><b>runScenario</b><br>Test class: runner.TestRunner<br>Test method: Runs Cucumber Scenarios<br>Parameters: "user can search by stock keeping unit", "user search for products"</td>
<td></td>
<td>4</td>
<td>runner.TestRunner@4b5a5ed1</td></tr>
<tr>
<td title='runner.TestRunner.runScenario()'><b>runScenario</b><br>Test class: runner.TestRunner<br>Test method: Runs Cucumber Scenarios<br>Parameters: "user can search by stock keeping unit", "user search for products"</td>
<td></td>
<td>4</td>
<td>runner.TestRunner@4b5a5ed1</td></tr>
<tr>
<td title='runner.TestRunner.runScenario()'><b>runScenario</b><br>Test class: runner.TestRunner<br>Test method: Runs Cucumber Scenarios<br>Parameters: "user could login with valid email and password", "user can login to their accounts"</td>
<td></td>
<td>4</td>
<td>runner.TestRunner@4b5a5ed1</td></tr>
<tr>
<td title='runner.TestRunner.runScenario()'><b>runScenario</b><br>Test class: runner.TestRunner<br>Test method: Runs Cucumber Scenarios<br>Parameters: "user switch from USD currency to euro currnecy", "user can switch to another currency of the products"</td>
<td></td>
<td>4</td>
<td>runner.TestRunner@4b5a5ed1</td></tr>
<tr>
<td title='runner.TestRunner.runScenario()'><b>runScenario</b><br>Test class: runner.TestRunner<br>Test method: Runs Cucumber Scenarios<br>Parameters: "user opens facebook link", "F07_followUs | users could open followUs links"</td>
<td></td>
<td>4</td>
<td>runner.TestRunner@4b5a5ed1</td></tr>
<tr>
<td title='runner.TestRunner.runScenario()'><b>runScenario</b><br>Test class: runner.TestRunner<br>Test method: Runs Cucumber Scenarios<br>Parameters: "select a product to add in wishlist", "user can add products to WishList"</td>
<td></td>
<td>2</td>
<td>runner.TestRunner@4b5a5ed1</td></tr>
<tr>
<td title='runner.TestRunner.runScenario()'><b>runScenario</b><br>Test class: runner.TestRunner<br>Test method: Runs Cucumber Scenarios<br>Parameters: "user can search by productName", "user search for products"</td>
<td></td>
<td>2</td>
<td>runner.TestRunner@4b5a5ed1</td></tr>
<tr>
<td title='runner.TestRunner.runScenario()'><b>runScenario</b><br>Test class: runner.TestRunner<br>Test method: Runs Cucumber Scenarios<br>Parameters: "user register with valid data", "users could register with new accounts"</td>
<td></td>
<td>6</td>
<td>runner.TestRunner@4b5a5ed1</td></tr>
<tr>
<td title='runner.TestRunner.runScenario()'><b>runScenario</b><br>Test class: runner.TestRunner<br>Test method: Runs Cucumber Scenarios<br>Parameters: "user hover on mainCategory then choose subCategory", "user can choose subCategory from mainCategory"</td>
<td></td>
<td>3</td>
<td>runner.TestRunner@4b5a5ed1</td></tr>
<tr>
<td title='runner.TestRunner.runScenario()'><b>runScenario</b><br>Test class: runner.TestRunner<br>Test method: Runs Cucumber Scenarios<br>Parameters: "user opens twitter link", "F07_followUs | users could open followUs links"</td>
<td></td>
<td>4</td>
<td>runner.TestRunner@4b5a5ed1</td></tr>
<tr>
<td title='runner.TestRunner.runScenario()'><b>runScenario</b><br>Test class: runner.TestRunner<br>Test method: Runs Cucumber Scenarios<br>Parameters: "user can't login with invalid email and password", "user can login to their accounts"</td>
<td></td>
<td>4</td>
<td>runner.TestRunner@4b5a5ed1</td></tr>
<tr>
<td title='runner.TestRunner.runScenario()'><b>runScenario</b><br>Test class: runner.TestRunner<br>Test method: Runs Cucumber Scenarios<br>Parameters: "user opens youtube link", "F07_followUs | users could open followUs links"</td>
<td></td>
<td>4</td>
<td>runner.TestRunner@4b5a5ed1</td></tr>
</table><p>
</body>
</html>